<?xml version="1.0" encoding="UTF-8"?>
<!-- Generated by org.testng.reporters.JUnitXMLReporter -->
<testsuite ignored="0" hostname="Harry" failures="0" tests="4" name="Test" time="49.551" errors="0" timestamp="2023-09-01T18:07:51 IST">
  <testcase classname="com.crm.orgtest.TC03_CreateOrganizationUsingPhonenumber" name="createOrgUsingPhonno" time="7.721"/>
  <testcase classname="com.crm.orgtest.TC01_CreateOrganisationTest" name="createorganisation" time="7.3"/>
  <testcase classname="com.crm.orgtest.TC02_CreateOrganizationwithIndustryTest" name="createOrgwithIndustry" time="8.589"/>
  <testcase classname="com.crm.contacttest.TC04_CreateContact" name="createContact" time="0.005"/>
</testsuite> <!-- Test -->
