<?xml version="1.0" encoding="UTF-8"?>
<!-- Generated by org.testng.reporters.JUnitXMLReporter -->
<testsuite ignored="0" hostname="Hariharan" failures="1" tests="1" name="Test" time="12.457" errors="0" timestamp="2023-09-05T17:07:36 IST">
  <testcase classname="demo.DemoTest2" name="demotest2" time="0.019">
    <failure type="java.lang.AssertionError" message="null">
      <![CDATA[java.lang.AssertionError: null
at demo.DemoTest2.demotest2(DemoTest2.java:18)
at java.base/java.util.ArrayList.forEach(ArrayList.java:1511)
... Removed 29 stack frames]]>
    </failure>
  </testcase> <!-- demotest2 -->
</testsuite> <!-- Test -->
